Detecting compiler hash for triplet x64-linux...
The following packages will be built and installed:
    fmt:x64-linux@10.2.1#1
  * vcpkg-cmake:x64-linux@2023-05-04
  * vcpkg-cmake-config:x64-linux@2022-02-06#1
Additional packages (*) will be modified to complete this operation.
Restored 3 package(s) from /home/koech/.cache/vcpkg/archives in 25.2 ms. Use --debug to see more details.
Installing 1/3 vcpkg-cmake-config:x64-linux@2022-02-06#1...
Elapsed time to handle vcpkg-cmake-config:x64-linux: 886 us
vcpkg-cmake-config:x64-linux package ABI: a20346158aac4cdb803cb683ecdefc3faafd752e65e52e3748e294773ecd0494
Installing 2/3 vcpkg-cmake:x64-linux@2023-05-04...
Elapsed time to handle vcpkg-cmake:x64-linux: 516 us
vcpkg-cmake:x64-linux package ABI: eb4e3852eb046ce518073208e881943afe67fa3bb15224a3021109d6732f3e23
Installing 3/3 fmt:x64-linux@10.2.1#1...
Elapsed time to handle fmt:x64-linux: 1.25 ms
fmt:x64-linux package ABI: 4a2703d379d0e0d61947560dac4fb7b63708f7eabb9b9da575eaf7ea23e2c3ea
Total install time: 2.82 ms
The package fmt provides CMake targets:

    find_package(fmt CONFIG REQUIRED)
    target_link_libraries(main PRIVATE fmt::fmt)

    # Or use the header-only version
    find_package(fmt CONFIG REQUIRED)
    target_link_libraries(main PRIVATE fmt::fmt-header-only)

